<?xml version="1.0" encoding="UTF-8"?>
<testsuite name="petstore.Pet" tests="1" skipped="0" failures="0" errors="0" timestamp="2021-09-10T03:22:02" hostname="DESKTOP-M3JN9B9" time="3.102">
  <properties/>
  <testcase name="incluirPet" classname="petstore.Pet" time="3.102"/>
  <system-out><![CDATA[Request method:	POST
Request URI:	https://petstore.swagger.io/v2/pet
Proxy:			<none>
Request params:	<none>
Query params:	<none>
Form params:	<none>
Path params:	<none>
Headers:		Accept=*/*
				Content-Type=application/json; charset=UTF-8
Cookies:		<none>
Multiparts:		<none>
Body:
{
    "id": 20022020,
    "category": {
        "id": 1,
        "name": "dog"
    },
    "name": "Kiara",
    "photoUrls": [
        "string"
    ],
    "tags": [
        {
            "id": 2021,
            "name": "sta"
        }
    ],
    "status": "available"
}
HTTP/1.1 200 OK
Date: Fri, 10 Sep 2021 03:22:05 GMT
Content-Type: application/json
Transfer-Encoding: chunked
Connection: keep-alive
Access-Control-Allow-Origin: *
Access-Control-Allow-Methods: GET, POST, DELETE, PUT
Access-Control-Allow-Headers: Content-Type, api_key, Authorization
Server: Jetty(9.2.9.v20150224)

{
    "id": 20022020,
    "category": {
        "id": 1,
        "name": "dog"
    },
    "name": "Kiara",
    "photoUrls": [
        "string"
    ],
    "tags": [
        {
            "id": 2021,
            "name": "sta"
        }
    ],
    "status": "available"
}
]]></system-out>
  <system-err><![CDATA[]]></system-err>
</testsuite>
